[debug] [2021-11-15T01:52:51.620Z] ----------------------------------------------------------------------
[debug] [2021-11-15T01:52:51.623Z] Command:       /usr/local/bin/node /usr/local/bin/firebase deploy
[debug] [2021-11-15T01:52:51.623Z] CLI Version:   3.17.4
[debug] [2021-11-15T01:52:51.623Z] Platform:      darwin
[debug] [2021-11-15T01:52:51.623Z] Node Version:  v11.12.0
[debug] [2021-11-15T01:52:51.625Z] Time:          Mon Nov 15 2021 01:52:51 GMT+0000 (GMT)
[debug] [2021-11-15T01:52:51.625Z] ----------------------------------------------------------------------
[debug] 
[debug] [2021-11-15T01:52:51.642Z] > command requires scopes: ["email","openid","https://www.googleapis.com/auth/cloudplatformprojects.readonly","https://www.googleapis.com/auth/firebase","https://www.googleapis.com/auth/cloud-platform"]
[debug] [2021-11-15T01:52:51.642Z] > authorizing via signed-in user
[debug] [2021-11-15T01:52:51.645Z] > refreshing access token with scopes: ["email","https://www.googleapis.com/auth/cloud-platform","https://www.googleapis.com/auth/cloudplatformprojects.readonly","https://www.googleapis.com/auth/firebase","openid"]
[debug] [2021-11-15T01:52:51.645Z] >>> HTTP REQUEST POST https://www.googleapis.com/oauth2/v3/token  
 { refresh_token:
   '1//03yUU6PnOAp7cCgYIARAAGAMSNwF-L9Ir7cjHMqJYxmpJRjbuvpeDaz6bL_jW6OLbhQ4X3-O3ka04JexLvHhKa65WnydyMEZdzP8',
  client_id:
   '563584335869-fgrhgmd47bqnekij5i8b5pr03ho849e6.apps.googleusercontent.com',
  client_secret: 'j9iVZfS8kkCEFUPaAeJV0sAi',
  grant_type: 'refresh_token',
  scope:
   'email https://www.googleapis.com/auth/cloud-platform https://www.googleapis.com/auth/cloudplatformprojects.readonly https://www.googleapis.com/auth/firebase openid' } 
 Mon Nov 15 2021 01:52:51 GMT+0000 (GMT)
[debug] [2021-11-15T01:52:51.833Z] <<< HTTP RESPONSE 200
[debug] [2021-11-15T01:52:51.853Z] >>> HTTP REQUEST GET https://admin.firebase.com/v1/projects/seahamdao  
  
 Mon Nov 15 2021 01:52:51 GMT+0000 (GMT)
[info] 
[warn] ⚠  Your CLI authentication needs to be updated to take advantage of new features.
[warn] ⚠  Please run firebase login --reauth
[info] 
[debug] [2021-11-15T01:54:20.054Z] > command requires scopes: ["email","openid","https://www.googleapis.com/auth/cloudplatformprojects.readonly","https://www.googleapis.com/auth/firebase"]
[debug] [2021-11-15T01:54:20.055Z] > authorizing via signed-in user
[debug] [2021-11-15T01:54:20.055Z] > refreshing access token with scopes: ["email","https://www.googleapis.com/auth/cloudplatformprojects.readonly","https://www.googleapis.com/auth/firebase","openid"]
[debug] [2021-11-15T01:54:20.055Z] >>> HTTP REQUEST POST https://www.googleapis.com/oauth2/v3/token  
 { refresh_token:
   '1//03yUU6PnOAp7cCgYIARAAGAMSNwF-L9Ir7cjHMqJYxmpJRjbuvpeDaz6bL_jW6OLbhQ4X3-O3ka04JexLvHhKa65WnydyMEZdzP8',
  client_id:
   '563584335869-fgrhgmd47bqnekij5i8b5pr03ho849e6.apps.googleusercontent.com',
  client_secret: 'j9iVZfS8kkCEFUPaAeJV0sAi',
  grant_type: 'refresh_token',
  scope:
   'email https://www.googleapis.com/auth/cloudplatformprojects.readonly https://www.googleapis.com/auth/firebase openid' } 
 Mon Nov 15 2021 01:54:20 GMT+0000 (GMT)
[debug] [2021-11-15T01:54:20.190Z] <<< HTTP RESPONSE 200
[debug] [2021-11-15T01:54:20.203Z] >>> HTTP REQUEST GET https://admin.firebase.com/v1/projects/seahamdao  
  
 Mon Nov 15 2021 01:54:20 GMT+0000 (GMT)
[debug] [2021-11-15T01:55:47.348Z] Error: connect ETIMEDOUT 104.197.85.31:443
    at TCPConnectWrap.afterConnect [as oncomplete] (net.js:1083:14)
[error] 
[error] Error: Server Error. connect ETIMEDOUT 104.197.85.31:443
